# JRE version: OpenJDK Runtime Environment Temurin-17.0.18+8 (17.0.18+8) (build 17.0.18+8)
# Java VM: OpenJDK 64-Bit Server VM Temurin-17.0.18+8 (17.0.18+8, mixed mode, sharing, tiered, compressed oops, compressed class ptrs, g1 gc, windows-amd64)
GC Precious Log:
 CPUs: 4 total, 4 available
 Memory: 8046M
 Large Page Support: Disabled
 NUMA Support: Disabled
 Compressed Oops: Enabled (32-bit)
 Heap Region Size: 1M
 Heap Min Capacity: 8M
 Heap Initial Capacity: 126M
 Heap Max Capacity: 2012M
 Pre-touch: Disabled
 Parallel Workers: 4
 Concurrent Workers: 1
 Concurrent Refinement Workers: 4
 Periodic GC: Disabled
Heap:
 garbage-first heap   total 204800K, used 136179K [0x0000000082400000, 0x0000000100000000)
  region size 1024K, 92 young (94208K), 1 survivors (1024K)
 Metaspace       used 79127K, committed 79744K, reserved 1179648K
  class space    used 11311K, committed 11648K, reserved 1048576K
GC Heap History (20 events):
Event: 39.720 GC heap before
{Heap before GC invocations=23 (full 0):
 garbage-first heap   total 55296K, used 44564K [0x0000000082400000, 0x0000000100000000)
  region size 1024K, 17 young (17408K), 2 survivors (2048K)
 Metaspace       used 68095K, committed 68672K, reserved 1114112K
  class space    used 9531K, committed 9792K, reserved 1048576K
}
Event: 39.735 GC heap after
{Heap after GC invocations=24 (full 0):
 garbage-first heap   total 55296K, used 31746K [0x0000000082400000, 0x0000000100000000)
  region size 1024K, 3 young (3072K), 3 survivors (3072K)
 Metaspace       used 68095K, committed 68672K, reserved 1114112K
  class space    used 9531K, committed 9792K, reserved 1048576K
}
Event: 41.130 GC heap before
{Heap before GC invocations=24 (full 0):
 garbage-first heap   total 55296K, used 45058K [0x0000000082400000, 0x0000000100000000)
  region size 1024K, 16 young (16384K), 3 survivors (3072K)
 Metaspace       used 70178K, committed 70784K, reserved 1114112K
  class space    used 9806K, committed 10112K, reserved 1048576K
}
Event: 41.150 GC heap after
{Heap after GC invocations=25 (full 0):
 garbage-first heap   total 55296K, used 33073K [0x0000000082400000, 0x0000000100000000)
  region size 1024K, 2 young (2048K), 2 survivors (2048K)
 Metaspace       used 70178K, committed 70784K, reserved 1114112K
  class space    used 9806K, committed 10112K, reserved 1048576K
}
Event: 41.902 GC heap before
{Heap before GC invocations=26 (full 0):
 garbage-first heap   total 58368K, used 44337K [0x0000000082400000, 0x0000000100000000)
  region size 1024K, 14 young (14336K), 2 survivors (2048K)
 Metaspace       used 71688K, committed 72320K, reserved 1114112K
  class space    used 10188K, committed 10496K, reserved 1048576K
}
Event: 41.908 GC heap after
{Heap after GC invocations=27 (full 0):
 garbage-first heap   total 58368K, used 34138K [0x0000000082400000, 0x0000000100000000)
  region size 1024K, 2 young (2048K), 2 survivors (2048K)
 Metaspace       used 71688K, committed 72320K, reserved 1114112K
  class space    used 10188K, committed 10496K, reserved 1048576K
}
Event: 42.152 GC heap before
{Heap before GC invocations=27 (full 0):
 garbage-first heap   total 58368K, used 47450K [0x0000000082400000, 0x0000000100000000)
  region size 1024K, 15 young (15360K), 2 survivors (2048K)
 Metaspace       used 71753K, committed 72384K, reserved 1114112K
  class space    used 10193K, committed 10496K, reserved 1048576K
}
Event: 42.157 GC heap after
{Heap after GC invocations=28 (full 0):
 garbage-first heap   total 58368K, used 34416K [0x0000000082400000, 0x0000000100000000)
  region size 1024K, 2 young (2048K), 2 survivors (2048K)
 Metaspace       used 71753K, committed 72384K, reserved 1114112K
  class space    used 10193K, committed 10496K, reserved 1048576K
}
Event: 43.238 GC heap before
{Heap before GC invocations=29 (full 0):
 garbage-first heap   total 65536K, used 46704K [0x0000000082400000, 0x0000000100000000)
  region size 1024K, 15 young (15360K), 2 survivors (2048K)
 Metaspace       used 73512K, committed 74176K, reserved 1114112K
  class space    used 10560K, committed 10880K, reserved 1048576K
}
Event: 43.247 GC heap after
{Heap after GC invocations=30 (full 0):
 garbage-first heap   total 65536K, used 35388K [0x0000000082400000, 0x0000000100000000)
  region size 1024K, 2 young (2048K), 2 survivors (2048K)
 Metaspace       used 73512K, committed 74176K, reserved 1114112K
  class space    used 10560K, committed 10880K, reserved 1048576K
}
Event: 44.673 GC heap before
{Heap before GC invocations=30 (full 0):
 garbage-first heap   total 65536K, used 51772K [0x0000000082400000, 0x0000000100000000)
  region size 1024K, 19 young (19456K), 2 survivors (2048K)
 Metaspace       used 75121K, committed 75776K, reserved 1114112K
  class space    used 10783K, committed 11136K, reserved 1048576K
}
Event: 44.684 GC heap after
{Heap after GC invocations=31 (full 0):
 garbage-first heap   total 65536K, used 37646K [0x0000000082400000, 0x0000000100000000)
  region size 1024K, 3 young (3072K), 3 survivors (3072K)
 Metaspace       used 75121K, committed 75776K, reserved 1114112K
  class space    used 10783K, committed 11136K, reserved 1048576K
}
Event: 44.976 GC heap before
{Heap before GC invocations=32 (full 0):
 garbage-first heap   total 71680K, used 53006K [0x0000000082400000, 0x0000000100000000)
  region size 1024K, 18 young (18432K), 3 survivors (3072K)
 Metaspace       used 75123K, committed 75776K, reserved 1114112K
  class space    used 10783K, committed 11136K, reserved 1048576K
}
Event: 44.987 GC heap after
{Heap after GC invocations=33 (full 0):
 garbage-first heap   total 71680K, used 38712K [0x0000000082400000, 0x0000000100000000)
  region size 1024K, 1 young (1024K), 1 survivors (1024K)
 Metaspace       used 75123K, committed 75776K, reserved 1114112K
  class space    used 10783K, committed 11136K, reserved 1048576K
}
Event: 45.223 GC heap before
{Heap before GC invocations=33 (full 0):
 garbage-first heap   total 71680K, used 57144K [0x0000000082400000, 0x0000000100000000)
  region size 1024K, 19 young (19456K), 1 survivors (1024K)
 Metaspace       used 75153K, committed 75840K, reserved 1114112K
  class space    used 10791K, committed 11136K, reserved 1048576K
}
Event: 45.232 GC heap after
{Heap after GC invocations=34 (full 0):
 garbage-first heap   total 71680K, used 40745K [0x0000000082400000, 0x0000000100000000)
  region size 1024K, 3 young (3072K), 3 survivors (3072K)
 Metaspace       used 75153K, committed 75840K, reserved 1114112K
  class space    used 10791K, committed 11136K, reserved 1048576K
}
Event: 45.412 GC heap before
{Heap before GC invocations=35 (full 0):
 garbage-first heap   total 91136K, used 58153K [0x0000000082400000, 0x0000000100000000)
  region size 1024K, 20 young (20480K), 3 survivors (3072K)
 Metaspace       used 75153K, committed 75840K, reserved 1114112K
  class space    used 10791K, committed 11136K, reserved 1048576K
}
Event: 45.427 GC heap after
{Heap after GC invocations=36 (full 0):
 garbage-first heap   total 91136K, used 42870K [0x0000000082400000, 0x0000000100000000)
  region size 1024K, 3 young (3072K), 3 survivors (3072K)
 Metaspace       used 75153K, committed 75840K, reserved 1114112K
  class space    used 10791K, committed 11136K, reserved 1048576K
}
Event: 45.651 GC heap before
{Heap before GC invocations=36 (full 0):
 garbage-first heap   total 91136K, used 69494K [0x0000000082400000, 0x0000000100000000)
  region size 1024K, 29 young (29696K), 3 survivors (3072K)
 Metaspace       used 75157K, committed 75840K, reserved 1114112K
  class space    used 10791K, committed 11136K, reserved 1048576K
}
Event: 45.661 GC heap after
{Heap after GC invocations=37 (full 0):
 garbage-first heap   total 204800K, used 44019K [0x0000000082400000, 0x0000000100000000)
  region size 1024K, 1 young (1024K), 1 survivors (1024K)
 Metaspace       used 75157K, committed 75840K, reserved 1114112K
  class space    used 10791K, committed 11136K, reserved 1048576K
}

